2021-01-03T09:09:07+00:00 DEBUG 
====Stripe Version: 4.3.3====
====Start Log====
Keys are not set correctly.
====End Log====


2021-01-03T09:09:15+00:00 DEBUG 
====Stripe Version: 4.3.3====
====Start Log====
Keys are not set correctly.
====End Log====


2021-01-03T09:14:07+00:00 DEBUG 
====Stripe Version: 4.3.3====
====Start Log====
Keys are not set correctly.
====End Log====


2021-01-03T09:14:14+00:00 DEBUG 
====Stripe Version: 4.3.3====
====Start Log====
Keys are not set correctly.
====End Log====


2021-01-03T09:14:23+00:00 DEBUG 
====Stripe Version: 4.3.3====
====Start Log====
Keys are not set correctly.
====End Log====


2021-01-03T09:27:43+00:00 DEBUG 
====Stripe Version: 4.3.3====
====Start Log====
Keys are not set correctly.
====End Log====


2021-01-03T09:28:18+00:00 DEBUG 
====Stripe Version: 4.3.3====
====Start Log====
Keys are not set correctly.
====End Log====


2021-01-03T09:28:22+00:00 DEBUG 
====Stripe Version: 4.3.3====
====Start Log====
Keys are not set correctly.
====End Log====


2021-01-03T09:35:01+00:00 DEBUG 
====Stripe Version: 4.3.3====
====Start Log====
Keys are not set correctly.
====End Log====


2021-01-03T09:35:13+00:00 DEBUG 
====Stripe Version: 4.3.3====
====Start Log====
Keys are not set correctly.
====End Log====


2021-01-03T09:36:18+00:00 DEBUG 
====Stripe Version: 4.3.3====
====Start Log====
Keys are not set correctly.
====End Log====


2021-01-03T09:36:24+00:00 DEBUG 
====Stripe Version: 4.3.3====
====Start Log====
Keys are not set correctly.
====End Log====


2021-01-03T09:37:05+00:00 DEBUG 
====Stripe Version: 4.3.3====
====Start Log====
Keys are not set correctly.
====End Log====


2021-01-03T09:37:59+00:00 DEBUG 
====Stripe Version: 4.3.3====
====Start Log====
Keys are not set correctly.
====End Log====


2021-01-03T09:59:42+00:00 DEBUG 
====Stripe Version: 4.3.3====
====Start Log====
Keys are not set correctly.
====End Log====


2021-01-03T10:00:06+00:00 DEBUG 
====Stripe Version: 4.3.3====
====Start Log====
Keys are not set correctly.
====End Log====


2021-01-03T10:00:17+00:00 DEBUG 
====Stripe Version: 4.3.3====
====Start Log====
Keys are not set correctly.
====End Log====


2021-01-03T10:02:35+00:00 DEBUG 
====Stripe Version: 4.3.3====
====Start Log====
Keys are not set correctly.
====End Log====


2021-01-03T10:04:29+00:00 DEBUG 
====Stripe Version: 4.3.3====
====Start Log====
Keys are not set correctly.
====End Log====


2021-01-03T10:05:00+00:00 DEBUG 
====Stripe Version: 4.3.3====
====Start Log====
Keys are not set correctly.
====End Log====


2021-01-03T10:12:27+00:00 DEBUG 
====Stripe Version: 4.3.3====
====Start Log====
Keys are not set correctly.
====End Log====


2021-01-03T10:12:32+00:00 DEBUG 
====Stripe Version: 4.3.3====
====Start Log====
Keys are not set correctly.
====End Log====


